#
# There is insufficient memory for the Java Runtime Environment to continue.
# Native memory allocation (mmap) failed to map 130023424 bytes for G1 virtual space
# Possible reasons:
#   The system is out of physical RAM or swap space
#   The process is running with CompressedOops enabled, and the Java Heap may be blocking the growth of the native heap
# Possible solutions:
#   Reduce memory load on the system
#   Increase physical memory or swap space
#   Check if swap backing store is full
#   Decrease Java heap size (-Xmx/-Xms)
#   Decrease number of Java threads
#   Decrease Java thread stack sizes (-Xss)
#   Set larger code cache with -XX:ReservedCodeCacheSize=
#   JVM is running with Unscaled Compressed Oops mode in which the Java heap is
#     placed in the first 4GB address space. The Java Heap base address is the
#     maximum limit for the native heap growth. Please use -XX:HeapBaseMinAddress
#     to set the Java Heap base and to place the Java Heap above 4GB virtual address.
# This output file may be truncated or incomplete.
#
#  Out of Memory Error (os_windows.cpp:3825), pid=13408, tid=7060
#
# JRE version:  (17.0.10+1) (build )
# Java VM: OpenJDK 64-Bit Server VM (17.0.10+1-b1087.23, mixed mode, sharing, tiered, compressed oops, compressed class ptrs, g1 gc, windows-amd64)
# No core dump will be written. Minidumps are not enabled by default on client versions of Windows
#

---------------  S U M M A R Y ------------

Command Line: git4idea.http.GitAskPassApp Username for 'https://github.com': 

Host: Intel(R) Core(TM) i5-4210M CPU @ 2.60GHz, 4 cores, 7G,  Windows 10 , 64 bit Build 19041 (10.0.19041.3636)
Time: Sat Apr  6 17:50:49 2024 Maroc elapsed time: 0.023160 seconds (0d 0h 0m 0s)

---------------  T H R E A D  ---------------

Current thread (0x000002b2d67aee60):  JavaThread "Unknown thread" [_thread_in_vm, id=7060, stack(0x000000bfc8900000,0x000000bfc8a00000)]

Stack: [0x000000bfc8900000,0x000000bfc8a00000]
Native frames: (J=compiled Java code, j=interpreted, Vv=VM code, C=native code)
V  [jvm.dll+0x688a29]
V  [jvm.dll+0x84216a]
V  [jvm.dll+0x843dae]
V  [jvm.dll+0x844413]
V  [jvm.dll+0x24ba8f]
V  [jvm.dll+0x6857f9]
V  [jvm.dll+0x67a0aa]
V  [jvm.dll+0x30c7eb]
V  [jvm.dll+0x313c96]
V  [jvm.dll+0x363a2e]
V  [jvm.dll+0x363c5f]
V  [jvm.dll+0x2e25b8]
V  [jvm.dll+0x2e3524]
V  [jvm.dll+0x812cd1]
V  [jvm.dll+0x3718e1]
V  [jvm.dll+0x7f1836]
V  [jvm.dll+0x3f553f]
V  [jvm.dll+0x3f7171]
C  [jli.dll+0x528f]
C  [ucrtbase.dll+0x21bb2]
C  [KERNEL32.DLL+0x17344]
C  [ntdll.dll+0x526b1]


---------------  P R O C E S S  ---------------

Threads class SMR info:
_java_thread_list=0x00007ffc9f68ef58, length=0, elements={
}

Java Threads: ( => current thread )

Other Threads:
  0x000002b2d68069f0 GCTaskThread "GC Thread#0" [stack: 0x000000bfc8a00000,0x000000bfc8b00000] [id=18676]
  0x000002b2d6816fc0 ConcurrentGCThread "G1 Main Marker" [stack: 0x000000bfc8b00000,0x000000bfc8c00000] [id=6136]
  0x000002b2d6818180 ConcurrentGCThread "G1 Conc#0" [stack: 0x000000bfc8c00000,0x000000bfc8d00000] [id=8748]

[error occurred during error reporting (printing all threads), id 0xc0000005, EXCEPTION_ACCESS_VIOLATION (0xc0000005) at pc=0x00007ffc9ee43187]

VM state: not at safepoint (not fully initialized)

VM Mutex/Monitor currently owned by a thread:  ([mutex/lock_event])
[0x000002b2d67a7c00] Heap_lock - owner thread: 0x000002b2d67aee60

Heap address: 0x0000000084c00000, size: 1972 MB, Compressed Oops mode: 32-bit

CDS archive(s) mapped at: [0x0000000000000000-0x0000000000000000-0x0000000000000000), size 0, SharedBaseAddress: 0x0000000800000000, ArchiveRelocationMode: 1.
Narrow klass base: 0x0000000000000000, Narrow klass shift: 0, Narrow klass range: 0x0

GC Precious Log:
<Empty>

Heap:
 garbage-first heap   total 0K, used 0K [0x0000000084c00000, 0x0000000100000000)
  region size 1024K, 0 young (0K), 0 survivors (0K)
 Metaspace       used 0K, committed 0K, reserved 0K
  class space    used 0K, committed 0K, reserved 0K

Heap Regions: E=young(eden), S=young(survivor), O=old, HS=humongous(starts), HC=humongous(continues), CS=collection set, F=free, OA=open archive, CA=closed archive, TAMS=top-at-mark-start (previous, next)

Card table byte_map: [0x000002b2eb120000,0x000002b2eb500000] _byte_map_base: 0x000002b2eacfa000

Marking Bits (Prev, Next): (CMBitMap*) 0x000002b2d6807010, (CMBitMap*) 0x000002b2d6807050
 Prev Bits: [0x000002b2eb8e0000, 0x000002b2ed7b0000)
 Next Bits: [0x000002b2ed7b0000, 0x000002b2ef680000)

GC Heap History (0 events):
No events

Dll operation events (1 events):
Event: 0.015 Loaded shared library C:\Program Files\JetBrains\IntelliJ IDEA Community Edition 2023.3.6\jbr\bin\java.dll

Deoptimization events (0 events):
No events

Classes unloaded (0 events):
No events

Classes redefined (0 events):
No events

Internal exceptions (0 events):
No events

VM Operations (0 events):
No events

Events (0 events):
No events


Dynamic libraries:
0x00007ff626250000 - 0x00007ff62625a000 	C:\Program Files\JetBrains\IntelliJ IDEA Community Edition 2023.3.6\jbr\bin\java.exe
0x00007ffd0b410000 - 0x00007ffd0b608000 	C:\Windows\SYSTEM32\ntdll.dll
0x00007ffd0a510000 - 0x00007ffd0a5cd000 	C:\Windows\System32\KERNEL32.DLL
0x00007ffd09110000 - 0x00007ffd09406000 	C:\Windows\System32\KERNELBASE.dll
0x00007ffd08f80000 - 0x00007ffd09080000 	C:\Windows\System32\ucrtbase.dll
0x00007ffd01c70000 - 0x00007ffd01c8b000 	C:\Program Files\JetBrains\IntelliJ IDEA Community Edition 2023.3.6\jbr\bin\VCRUNTIME140.dll
0x00007ffcdc310000 - 0x00007ffcdc327000 	C:\Program Files\JetBrains\IntelliJ IDEA Community Edition 2023.3.6\jbr\bin\jli.dll
0x00007ffd09cd0000 - 0x00007ffd09e6e000 	C:\Windows\System32\USER32.dll
0x00007ffd09410000 - 0x00007ffd09432000 	C:\Windows\System32\win32u.dll
0x00007ffcf2900000 - 0x00007ffcf2b9a000 	C:\Windows\WinSxS\amd64_microsoft.windows.common-controls_6595b64144ccf1df_6.0.19041.3636_none_60b6a03d71f818d5\COMCTL32.dll
0x00007ffd0ae60000 - 0x00007ffd0aefe000 	C:\Windows\System32\msvcrt.dll
0x00007ffd094a0000 - 0x00007ffd094cb000 	C:\Windows\System32\GDI32.dll
0x00007ffd08dc0000 - 0x00007ffd08ed7000 	C:\Windows\System32\gdi32full.dll
0x00007ffd08ee0000 - 0x00007ffd08f7d000 	C:\Windows\System32\msvcp_win.dll
0x00007ffd09be0000 - 0x00007ffd09c12000 	C:\Windows\System32\IMM32.DLL
0x00007ffd047b0000 - 0x00007ffd047bc000 	C:\Program Files\JetBrains\IntelliJ IDEA Community Edition 2023.3.6\jbr\bin\vcruntime140_1.dll
0x00007ffcf3190000 - 0x00007ffcf321d000 	C:\Program Files\JetBrains\IntelliJ IDEA Community Edition 2023.3.6\jbr\bin\msvcp140.dll
0x00007ffc9eb50000 - 0x00007ffc9f7d3000 	C:\Program Files\JetBrains\IntelliJ IDEA Community Edition 2023.3.6\jbr\bin\server\jvm.dll
0x00007ffd09c20000 - 0x00007ffd09cd0000 	C:\Windows\System32\ADVAPI32.dll
0x00007ffd094d0000 - 0x00007ffd09570000 	C:\Windows\System32\sechost.dll
0x00007ffd095d0000 - 0x00007ffd096f5000 	C:\Windows\System32\RPCRT4.dll
0x00007ffd08d90000 - 0x00007ffd08db7000 	C:\Windows\System32\bcrypt.dll
0x00007ffd08060000 - 0x00007ffd080ab000 	C:\Windows\SYSTEM32\POWRPROF.dll
0x00007ffcebc10000 - 0x00007ffcebc19000 	C:\Windows\SYSTEM32\WSOCK32.dll
0x00007ffcf7080000 - 0x00007ffcf70a7000 	C:\Windows\SYSTEM32\WINMM.dll
0x00007ffd099c0000 - 0x00007ffd09a2b000 	C:\Windows\System32\WS2_32.dll
0x00007ffcfc840000 - 0x00007ffcfc84a000 	C:\Windows\SYSTEM32\VERSION.dll
0x00007ffd07ed0000 - 0x00007ffd07ee2000 	C:\Windows\SYSTEM32\UMPDC.dll
0x00007ffd06b50000 - 0x00007ffd06b62000 	C:\Windows\SYSTEM32\kernel.appcore.dll
0x00007ffcff3a0000 - 0x00007ffcff3aa000 	C:\Program Files\JetBrains\IntelliJ IDEA Community Edition 2023.3.6\jbr\bin\jimage.dll
0x00007ffcf9990000 - 0x00007ffcf9b74000 	C:\Windows\SYSTEM32\DBGHELP.DLL
0x00007ffcf9950000 - 0x00007ffcf9984000 	C:\Windows\SYSTEM32\dbgcore.DLL
0x00007ffd09080000 - 0x00007ffd09102000 	C:\Windows\System32\bcryptPrimitives.dll
0x00007ffcf3240000 - 0x00007ffcf3265000 	C:\Program Files\JetBrains\IntelliJ IDEA Community Edition 2023.3.6\jbr\bin\java.dll

dbghelp: loaded successfully - version: 4.0.5 - missing functions: none
symbol engine: initialized successfully - sym options: 0x614 - pdb path: .;C:\Program Files\JetBrains\IntelliJ IDEA Community Edition 2023.3.6\jbr\bin;C:\Windows\SYSTEM32;C:\Windows\WinSxS\amd64_microsoft.windows.common-controls_6595b64144ccf1df_6.0.19041.3636_none_60b6a03d71f818d5;C:\Program Files\JetBrains\IntelliJ IDEA Community Edition 2023.3.6\jbr\bin\server

VM Arguments:
java_command: git4idea.http.GitAskPassApp Username for 'https://github.com': 
java_class_path (initial): C:/Program Files/JetBrains/IntelliJ IDEA Community Edition 2023.3.6/plugins/vcs-git/lib/git4idea-rt.jar;C:/Program Files/JetBrains/IntelliJ IDEA Community Edition 2023.3.6/lib/externalProcess-rt.jar
Launcher Type: SUN_STANDARD

[Global flags]
     intx CICompilerCount                          = 3                                         {product} {ergonomic}
     uint ConcGCThreads                            = 1                                         {product} {ergonomic}
     uint G1ConcRefinementThreads                  = 4                                         {product} {ergonomic}
   size_t G1HeapRegionSize                         = 1048576                                   {product} {ergonomic}
    uintx GCDrainStackTargetSize                   = 64                                        {product} {ergonomic}
   size_t InitialHeapSize                          = 130023424                                 {product} {ergonomic}
   size_t MarkStackSize                            = 4194304                                   {product} {ergonomic}
   size_t MaxHeapSize                              = 2067791872                                {product} {ergonomic}
   size_t MinHeapDeltaBytes                        = 1048576                                   {product} {ergonomic}
   size_t MinHeapSize                              = 8388608                                   {product} {ergonomic}
    uintx NonNMethodCodeHeapSize                   = 5832780                                {pd product} {ergonomic}
    uintx NonProfiledCodeHeapSize                  = 122912730                              {pd product} {ergonomic}
    uintx ProfiledCodeHeapSize                     = 122912730                              {pd product} {ergonomic}
    uintx ReservedCodeCacheSize                    = 251658240                              {pd product} {ergonomic}
     bool SegmentedCodeCache                       = true                                      {product} {ergonomic}
   size_t SoftMaxHeapSize                          = 2067791872                             {manageable} {ergonomic}
     bool UseCompressedClassPointers               = true                           {product lp64_product} {ergonomic}
     bool UseCompressedOops                        = true                           {product lp64_product} {ergonomic}
     bool UseG1GC                                  = true                                      {product} {ergonomic}
     bool UseLargePagesIndividualAllocation        = false                                  {pd product} {ergonomic}

Logging:
Log output configuration:
 #0: stdout all=warning uptime,level,tags
 #1: stderr all=off uptime,level,tags

Environment Variables:
JAVA_HOME=C:\Program Files\Java\jdk-19
PATH=C:/Program Files/Git/mingw64/libexec/git-core;C:/Program Files/Git/mingw64/libexec/git-core;C:\Program Files\Git\mingw64\bin;C:\Program Files\Git\usr\bin;C:\Users\HP\bin;C:\App\bin;C:\App_s\WINDOWS.X64_193000_db_home\bin;C:\App\db_home\bin;C:\Program Files\Common Files\Oracle\Java\javapath;C:\Program Files (x86)\Common Files\Oracle\Java\javapath;C:\Windows\system32;C:\Windows;C:\Windows\System32\Wbem;C:\Windows\System32\WindowsPowerShell\v1.0\;C:\Windows\System32\OpenSSH\;C:\Program Files (x86)\Microchip\MPLAB C32 Suite\bin;C:\Program Files\Java\jdk-19\bin;C:\Program Files\Common Files\Oracle\Java\javapath;C:\Program Files (x86)\MySQL\MySQL Installer for Windows;C:\Windows\System32;C:\xampp\php;C:\composer;C:\Program Files\nodejs\;C:\Program Files\nodejs\npm;C:\Program Files\Git\cmd;C:\windows\system32;C:\Users\HP\AppData\Local\Programs\Microsoft VS Code\bin;C:\Program Files\MySQL\MySQL Server 8.0\bin;C:\Users\HP\AppData\Roaming\Composer\vendor\bin;C:\Users\HP\AppData\Roaming\npm
USERNAME=HP
DISPLAY=:0.0
LC_ALL=en_US.UTF-8
TERM=xterm-256color
TMPDIR=C:\Users\HP\AppData\Local\Temp
OS=Windows_NT
PROCESSOR_IDENTIFIER=Intel64 Family 6 Model 60 Stepping 3, GenuineIntel
TMP=C:\Users\HP\AppData\Local\Temp
TEMP=C:\Users\HP\AppData\Local\Temp



Periodic native trim disabled

JNI global refs:
JNI global refs: 0, weak refs: 0

JNI global refs memory usage: 0, weak refs: 0

OOME stack traces (most recent first):
Classloader memory used:


---------------  S Y S T E M  ---------------

OS:
 Windows 10 , 64 bit Build 19041 (10.0.19041.3636)
OS uptime: 5 days 18:53 hours

CPU: total 4 (initial active 4) (2 cores per cpu, 2 threads per core) family 6 model 60 stepping 3 microcode 0x27, cx8, cmov, fxsr, ht, mmx, sse, sse2, sse3, ssse3, sse4.1, sse4.2, popcnt, lzcnt, tsc, tscinvbit, avx, avx2, aes, erms, clmul, bmi1, bmi2, fma, vzeroupper, clflush
Processor Information for all 4 processors :
  Max Mhz: 2601, Current Mhz: 2600, Mhz Limit: 2574

Memory: 4k page, system-wide physical 7881M (1029M free)
TotalPageFile size 13971M (AvailPageFile size 27M)
current process WorkingSet (physical memory assigned to process): 10M, peak: 10M
current process commit charge ("private bytes"): 51M, peak: 175M

vm_info: OpenJDK 64-Bit Server VM (17.0.10+1-b1087.23) for windows-amd64 JRE (17.0.10+1-b1087.23), built on 2024-03-18 by "builduser" with MS VC++ 16.10 / 16.11 (VS2019)

END.
